<?xml version="1.0" encoding="UTF-8"?>
<testsuites name="Login" time="122.517" tests="10" failures="0" errors="0">
   <testsuite name="Login" tests="10" failures="0" errors="0" time="122.517" skipped="0" timestamp="2023-12-13 17:42:12" hostname="wahyu - 192.168.195.180" id="Test Suites/Login">
      <properties>
         <property name="deviceName" value=""/>
         <property name="devicePlatform" value=""/>
         <property name="logFolder" value="C:\\Users\\wahyu\\git\\Katalon_Automate_HnM\\Reports\\20231213_174208\\Login\\20231213_174209"/>
         <property name="logFiles" value="C:\\Users\\wahyu\\git\\Katalon_Automate_HnM\\Reports\\20231213_174208\\Login\\20231213_174209\\execution0.log"/>
         <property name="attachments" value=""/>
         <property name="hostName" value="wahyu - 192.168.195.180"/>
         <property name="os" value="Windows 11 64bit"/>
         <property name="katalonVersion" value="9.0.0.212"/>
         <property name="browser" value="Chrome 120.0.0.0"/>
         <property name="hostAddress" value="192.168.195.180"/>
         <property name="sessionId" value="b4d71bf6446ef5d2e5167b22fec7a5b6"/>
         <property name="seleniumVersion" value="3.141.59"/>
         <property name="proxyInformation" value="ProxyInformation { proxyOption=NO_PROXY, proxyServerType=HTTP, username=, password=********, proxyServerAddress=, proxyServerPort=0, executionList=&quot;&quot;, isApplyToDesiredCapabilities=true }"/>
         <property name="platform" value="Windows 11"/>
      </properties>
      <testcase name="Test Cases/Login/Login_just_enter_correct_email_only" time="13.024" classname="Test Cases/Login/Login_just_enter_correct_email_only" status="PASSED">
         <system-out><![CDATA[2023-12-13 17:42:13 - [TEST_CASE][PASSED] - Test Cases/Login/Login_just_enter_correct_email_only: Test Cases/Login/Login_just_enter_correct_email_only

2023-12-13 17:42:13 - [TEST_STEP][PASSED] - openBrowser(""): Browser is opened with url: ''

2023-12-13 17:42:13 - [MESSAGE][INFO] - Starting 'Chrome' driver

2023-12-13 17:42:13 - [MESSAGE][INFO] - User set preference: ['args', '[--disable-notifications]']

2023-12-13 17:42:13 - [MESSAGE][INFO] - Action delay is set to 0 milliseconds

2023-12-13 17:42:15 - [MESSAGE][PASSED] - Browser is opened with url: ''

2023-12-13 17:42:15 - [TEST_STEP][PASSED] - maximizeWindow(): Current window maximized

2023-12-13 17:42:15 - [MESSAGE][PASSED] - Current window maximized

2023-12-13 17:42:15 - [TEST_STEP][PASSED] - navigateToUrl(baseUrl): Navigate to 'https://id.hm.com' successfully

2023-12-13 17:42:20 - [MESSAGE][PASSED] - Navigate to 'https://id.hm.com' successfully

2023-12-13 17:42:20 - [TEST_STEP][PASSED] - click(findTestObject("menu_pages/btnMenu_masuk_akun")): Object: 'Object Repository/menu_pages/btnMenu_masuk_akun' is clicked on

2023-12-13 17:42:23 - [MESSAGE][PASSED] - Object: 'Object Repository/menu_pages/btnMenu_masuk_akun' is clicked on

2023-12-13 17:42:23 - [TEST_STEP][PASSED] - setText(findTestObject("login_repos/input_loginUsername"), correct_email): Text 'mazway.testing@gmail.com' is set on object 'Object Repository/login_repos/input_loginUsername'

2023-12-13 17:42:24 - [MESSAGE][PASSED] - Text 'mazway.testing@gmail.com' is set on object 'Object Repository/login_repos/input_loginUsername'

2023-12-13 17:42:24 - [TEST_STEP][PASSED] - setText(findTestObject("login_repos/input_loginPassword"), blank_password): Text '' is set on object 'Object Repository/login_repos/input_loginPassword'

2023-12-13 17:42:25 - [MESSAGE][PASSED] - Text '' is set on object 'Object Repository/login_repos/input_loginPassword'

2023-12-13 17:42:25 - [TEST_STEP][PASSED] - click(findTestObject("login_repos/button_login")): Object: 'Object Repository/login_repos/button_login' is clicked on

2023-12-13 17:42:25 - [MESSAGE][PASSED] - Object: 'Object Repository/login_repos/button_login' is clicked on

2023-12-13 17:42:25 - [TEST_STEP][PASSED] - verifyTextPresent("Kolom ini wajib diisi", false): Text 'Kolom ini wajib diisi' is present on page 

2023-12-13 17:42:26 - [MESSAGE][PASSED] - Text 'Kolom ini wajib diisi' is present on page 

2023-12-13 17:42:26 - [TEST_STEP][PASSED] - closeBrowser(): Browser is closed

2023-12-13 17:42:26 - [MESSAGE][PASSED] - Browser is closed]]></system-out>
         <system-err><![CDATA[]]></system-err>
      </testcase>
      <testcase name="Test Cases/Login/Login_just_enter_correct_password_only" time="14.331" classname="Test Cases/Login/Login_just_enter_correct_password_only" status="PASSED">
         <system-out><![CDATA[2023-12-13 17:42:26 - [TEST_CASE][PASSED] - Test Cases/Login/Login_just_enter_correct_password_only: Test Cases/Login/Login_just_enter_correct_password_only

2023-12-13 17:42:26 - [TEST_STEP][PASSED] - openBrowser(""): Browser is opened with url: ''

2023-12-13 17:42:26 - [MESSAGE][INFO] - Starting 'Chrome' driver

2023-12-13 17:42:26 - [MESSAGE][INFO] - User set preference: ['args', '[--disable-notifications]']

2023-12-13 17:42:26 - [MESSAGE][INFO] - Action delay is set to 0 milliseconds

2023-12-13 17:42:26 - [MESSAGE][PASSED] - Browser is opened with url: ''

2023-12-13 17:42:26 - [TEST_STEP][PASSED] - maximizeWindow(): Current window maximized

2023-12-13 17:42:27 - [MESSAGE][PASSED] - Current window maximized

2023-12-13 17:42:27 - [TEST_STEP][PASSED] - navigateToUrl(baseUrl): Navigate to 'https://id.hm.com' successfully

2023-12-13 17:42:34 - [MESSAGE][PASSED] - Navigate to 'https://id.hm.com' successfully

2023-12-13 17:42:34 - [TEST_STEP][PASSED] - click(findTestObject("menu_pages/btnMenu_masuk_akun")): Object: 'Object Repository/menu_pages/btnMenu_masuk_akun' is clicked on

2023-12-13 17:42:37 - [MESSAGE][PASSED] - Object: 'Object Repository/menu_pages/btnMenu_masuk_akun' is clicked on

2023-12-13 17:42:37 - [TEST_STEP][PASSED] - setText(findTestObject("login_repos/input_loginUsername"), blank_email): Text '' is set on object 'Object Repository/login_repos/input_loginUsername'

2023-12-13 17:42:38 - [MESSAGE][PASSED] - Text '' is set on object 'Object Repository/login_repos/input_loginUsername'

2023-12-13 17:42:38 - [TEST_STEP][PASSED] - setText(findTestObject("login_repos/input_loginPassword"), correct_password): Text '@Anakjaman1' is set on object 'Object Repository/login_repos/input_loginPassword'

2023-12-13 17:42:39 - [MESSAGE][PASSED] - Text '@Anakjaman1' is set on object 'Object Repository/login_repos/input_loginPassword'

2023-12-13 17:42:39 - [TEST_STEP][PASSED] - click(findTestObject("login_repos/button_login")): Object: 'Object Repository/login_repos/button_login' is clicked on

2023-12-13 17:42:39 - [MESSAGE][PASSED] - Object: 'Object Repository/login_repos/button_login' is clicked on

2023-12-13 17:42:39 - [TEST_STEP][PASSED] - verifyTextPresent("Masukkan alamat email", false): Text 'Masukkan alamat email' is present on page 

2023-12-13 17:42:40 - [MESSAGE][PASSED] - Text 'Masukkan alamat email' is present on page 

2023-12-13 17:42:40 - [TEST_STEP][PASSED] - closeBrowser(): Browser is closed

2023-12-13 17:42:40 - [MESSAGE][PASSED] - Browser is closed]]></system-out>
         <system-err><![CDATA[]]></system-err>
      </testcase>
      <testcase name="Test Cases/Login/Login_just_enter_wrong_email_only" time="12.312" classname="Test Cases/Login/Login_just_enter_wrong_email_only" status="PASSED">
         <system-out><![CDATA[2023-12-13 17:42:40 - [TEST_CASE][PASSED] - Test Cases/Login/Login_just_enter_wrong_email_only: Test Cases/Login/Login_just_enter_wrong_email_only

2023-12-13 17:42:40 - [TEST_STEP][PASSED] - openBrowser(""): Browser is opened with url: ''

2023-12-13 17:42:40 - [MESSAGE][INFO] - Starting 'Chrome' driver

2023-12-13 17:42:40 - [MESSAGE][INFO] - User set preference: ['args', '[--disable-notifications]']

2023-12-13 17:42:40 - [MESSAGE][INFO] - Action delay is set to 0 milliseconds

2023-12-13 17:42:41 - [MESSAGE][PASSED] - Browser is opened with url: ''

2023-12-13 17:42:41 - [TEST_STEP][PASSED] - maximizeWindow(): Current window maximized

2023-12-13 17:42:41 - [MESSAGE][PASSED] - Current window maximized

2023-12-13 17:42:41 - [TEST_STEP][PASSED] - navigateToUrl(baseUrl): Navigate to 'https://id.hm.com' successfully

2023-12-13 17:42:46 - [MESSAGE][PASSED] - Navigate to 'https://id.hm.com' successfully

2023-12-13 17:42:46 - [TEST_STEP][PASSED] - click(findTestObject("menu_pages/btnMenu_masuk_akun")): Object: 'Object Repository/menu_pages/btnMenu_masuk_akun' is clicked on

2023-12-13 17:42:49 - [MESSAGE][PASSED] - Object: 'Object Repository/menu_pages/btnMenu_masuk_akun' is clicked on

2023-12-13 17:42:49 - [TEST_STEP][PASSED] - setText(findTestObject("login_repos/input_loginUsername"), blank_email): Text '' is set on object 'Object Repository/login_repos/input_loginUsername'

2023-12-13 17:42:51 - [MESSAGE][PASSED] - Text '' is set on object 'Object Repository/login_repos/input_loginUsername'

2023-12-13 17:42:51 - [TEST_STEP][PASSED] - setText(findTestObject("login_repos/input_loginPassword"), wrong_password): Text '@abc123' is set on object 'Object Repository/login_repos/input_loginPassword'

2023-12-13 17:42:51 - [MESSAGE][PASSED] - Text '@abc123' is set on object 'Object Repository/login_repos/input_loginPassword'

2023-12-13 17:42:51 - [TEST_STEP][PASSED] - click(findTestObject("login_repos/button_login")): Object: 'Object Repository/login_repos/button_login' is clicked on

2023-12-13 17:42:52 - [MESSAGE][PASSED] - Object: 'Object Repository/login_repos/button_login' is clicked on

2023-12-13 17:42:52 - [TEST_STEP][PASSED] - verifyTextPresent("Masukkan alamat email", false): Text 'Masukkan alamat email' is present on page 

2023-12-13 17:42:52 - [MESSAGE][PASSED] - Text 'Masukkan alamat email' is present on page 

2023-12-13 17:42:52 - [TEST_STEP][PASSED] - closeBrowser(): Browser is closed

2023-12-13 17:42:52 - [MESSAGE][PASSED] - Browser is closed]]></system-out>
         <system-err><![CDATA[]]></system-err>
      </testcase>
      <testcase name="Test Cases/Login/Login_just_enter_wrong_password_only" time="11.824" classname="Test Cases/Login/Login_just_enter_wrong_password_only" status="PASSED">
         <system-out><![CDATA[2023-12-13 17:42:52 - [TEST_CASE][PASSED] - Test Cases/Login/Login_just_enter_wrong_password_only: Test Cases/Login/Login_just_enter_wrong_password_only

2023-12-13 17:42:52 - [TEST_STEP][PASSED] - openBrowser(""): Browser is opened with url: ''

2023-12-13 17:42:52 - [MESSAGE][INFO] - Starting 'Chrome' driver

2023-12-13 17:42:52 - [MESSAGE][INFO] - User set preference: ['args', '[--disable-notifications]']

2023-12-13 17:42:52 - [MESSAGE][INFO] - Action delay is set to 0 milliseconds

2023-12-13 17:42:53 - [MESSAGE][PASSED] - Browser is opened with url: ''

2023-12-13 17:42:53 - [TEST_STEP][PASSED] - maximizeWindow(): Current window maximized

2023-12-13 17:42:53 - [MESSAGE][PASSED] - Current window maximized

2023-12-13 17:42:53 - [TEST_STEP][PASSED] - navigateToUrl(baseUrl): Navigate to 'https://id.hm.com' successfully

2023-12-13 17:42:58 - [MESSAGE][PASSED] - Navigate to 'https://id.hm.com' successfully

2023-12-13 17:42:58 - [TEST_STEP][PASSED] - click(findTestObject("menu_pages/btnMenu_masuk_akun")): Object: 'Object Repository/menu_pages/btnMenu_masuk_akun' is clicked on

2023-12-13 17:43:01 - [MESSAGE][PASSED] - Object: 'Object Repository/menu_pages/btnMenu_masuk_akun' is clicked on

2023-12-13 17:43:01 - [TEST_STEP][PASSED] - setText(findTestObject("login_repos/input_loginUsername"), blank_email): Text '' is set on object 'Object Repository/login_repos/input_loginUsername'

2023-12-13 17:43:02 - [MESSAGE][PASSED] - Text '' is set on object 'Object Repository/login_repos/input_loginUsername'

2023-12-13 17:43:02 - [TEST_STEP][PASSED] - setText(findTestObject("login_repos/input_loginPassword"), wrong_password): Text '@abc123' is set on object 'Object Repository/login_repos/input_loginPassword'

2023-12-13 17:43:03 - [MESSAGE][PASSED] - Text '@abc123' is set on object 'Object Repository/login_repos/input_loginPassword'

2023-12-13 17:43:03 - [TEST_STEP][PASSED] - click(findTestObject("login_repos/button_login")): Object: 'Object Repository/login_repos/button_login' is clicked on

2023-12-13 17:43:03 - [MESSAGE][PASSED] - Object: 'Object Repository/login_repos/button_login' is clicked on

2023-12-13 17:43:03 - [TEST_STEP][PASSED] - verifyTextPresent("Masukkan alamat email", false): Text 'Masukkan alamat email' is present on page 

2023-12-13 17:43:04 - [MESSAGE][PASSED] - Text 'Masukkan alamat email' is present on page 

2023-12-13 17:43:04 - [TEST_STEP][PASSED] - closeBrowser(): Browser is closed

2023-12-13 17:43:04 - [MESSAGE][PASSED] - Browser is closed]]></system-out>
         <system-err><![CDATA[]]></system-err>
      </testcase>
      <testcase name="Test Cases/Login/Login_using_correct_email_and_wrong_password" time="13.722" classname="Test Cases/Login/Login_using_correct_email_and_wrong_password" status="PASSED">
         <system-out><![CDATA[2023-12-13 17:43:04 - [TEST_CASE][PASSED] - Test Cases/Login/Login_using_correct_email_and_wrong_password: Test Cases/Login/Login_using_correct_email_and_wrong_password

2023-12-13 17:43:04 - [TEST_STEP][PASSED] - openBrowser(""): Browser is opened with url: ''

2023-12-13 17:43:04 - [MESSAGE][INFO] - Starting 'Chrome' driver

2023-12-13 17:43:04 - [MESSAGE][INFO] - User set preference: ['args', '[--disable-notifications]']

2023-12-13 17:43:04 - [MESSAGE][INFO] - Action delay is set to 0 milliseconds

2023-12-13 17:43:05 - [MESSAGE][PASSED] - Browser is opened with url: ''

2023-12-13 17:43:05 - [TEST_STEP][PASSED] - maximizeWindow(): Current window maximized

2023-12-13 17:43:05 - [MESSAGE][PASSED] - Current window maximized

2023-12-13 17:43:05 - [TEST_STEP][PASSED] - navigateToUrl(baseUrl): Navigate to 'https://id.hm.com' successfully

2023-12-13 17:43:09 - [MESSAGE][PASSED] - Navigate to 'https://id.hm.com' successfully

2023-12-13 17:43:09 - [TEST_STEP][PASSED] - click(findTestObject("menu_pages/btnMenu_masuk_akun")): Object: 'Object Repository/menu_pages/btnMenu_masuk_akun' is clicked on

2023-12-13 17:43:12 - [MESSAGE][PASSED] - Object: 'Object Repository/menu_pages/btnMenu_masuk_akun' is clicked on

2023-12-13 17:43:12 - [TEST_STEP][PASSED] - setText(findTestObject("login_repos/input_loginUsername"), correct_email): Text 'mazway.testing@gmail.com' is set on object 'Object Repository/login_repos/input_loginUsername'

2023-12-13 17:43:13 - [MESSAGE][PASSED] - Text 'mazway.testing@gmail.com' is set on object 'Object Repository/login_repos/input_loginUsername'

2023-12-13 17:43:13 - [TEST_STEP][PASSED] - setText(findTestObject("login_repos/input_loginPassword"), wrong_password): Text '@abc123' is set on object 'Object Repository/login_repos/input_loginPassword'

2023-12-13 17:43:14 - [MESSAGE][PASSED] - Text '@abc123' is set on object 'Object Repository/login_repos/input_loginPassword'

2023-12-13 17:43:14 - [TEST_STEP][PASSED] - click(findTestObject("login_repos/button_login")): Object: 'Object Repository/login_repos/button_login' is clicked on

2023-12-13 17:43:16 - [MESSAGE][PASSED] - Object: 'Object Repository/login_repos/button_login' is clicked on

2023-12-13 17:43:16 - [TEST_STEP][PASSED] - verifyTextPresent("Tidak valid login atau kata sandi anda.", false): Text 'Tidak valid login atau kata sandi anda.' is present on page 

2023-12-13 17:43:18 - [MESSAGE][PASSED] - Text 'Tidak valid login atau kata sandi anda.' is present on page 

2023-12-13 17:43:18 - [TEST_STEP][PASSED] - closeBrowser(): Browser is closed

2023-12-13 17:43:18 - [MESSAGE][PASSED] - Browser is closed]]></system-out>
         <system-err><![CDATA[]]></system-err>
      </testcase>
      <testcase name="Test Cases/Login/Login_using_correct_password_and_wrong_email" time="12.806" classname="Test Cases/Login/Login_using_correct_password_and_wrong_email" status="PASSED">
         <system-out><![CDATA[2023-12-13 17:43:18 - [TEST_CASE][PASSED] - Test Cases/Login/Login_using_correct_password_and_wrong_email: Test Cases/Login/Login_using_correct_password_and_wrong_email

2023-12-13 17:43:18 - [TEST_STEP][PASSED] - openBrowser(""): Browser is opened with url: ''

2023-12-13 17:43:18 - [MESSAGE][INFO] - Starting 'Chrome' driver

2023-12-13 17:43:18 - [MESSAGE][INFO] - User set preference: ['args', '[--disable-notifications]']

2023-12-13 17:43:18 - [MESSAGE][INFO] - Action delay is set to 0 milliseconds

2023-12-13 17:43:19 - [MESSAGE][PASSED] - Browser is opened with url: ''

2023-12-13 17:43:19 - [TEST_STEP][PASSED] - maximizeWindow(): Current window maximized

2023-12-13 17:43:19 - [MESSAGE][PASSED] - Current window maximized

2023-12-13 17:43:19 - [TEST_STEP][PASSED] - navigateToUrl(baseUrl): Navigate to 'https://id.hm.com' successfully

2023-12-13 17:43:22 - [MESSAGE][PASSED] - Navigate to 'https://id.hm.com' successfully

2023-12-13 17:43:22 - [TEST_STEP][PASSED] - click(findTestObject("menu_pages/btnMenu_masuk_akun")): Object: 'Object Repository/menu_pages/btnMenu_masuk_akun' is clicked on

2023-12-13 17:43:25 - [MESSAGE][PASSED] - Object: 'Object Repository/menu_pages/btnMenu_masuk_akun' is clicked on

2023-12-13 17:43:25 - [TEST_STEP][PASSED] - setText(findTestObject("login_repos/input_loginUsername"), wrong_email): Text 'tenstingg001@gmail.com' is set on object 'Object Repository/login_repos/input_loginUsername'

2023-12-13 17:43:26 - [MESSAGE][PASSED] - Text 'tenstingg001@gmail.com' is set on object 'Object Repository/login_repos/input_loginUsername'

2023-12-13 17:43:26 - [TEST_STEP][PASSED] - setText(findTestObject("login_repos/input_loginPassword"), correct_password): Text '@Anakjaman1' is set on object 'Object Repository/login_repos/input_loginPassword'

2023-12-13 17:43:27 - [MESSAGE][PASSED] - Text '@Anakjaman1' is set on object 'Object Repository/login_repos/input_loginPassword'

2023-12-13 17:43:27 - [TEST_STEP][PASSED] - click(findTestObject("login_repos/button_login")): Object: 'Object Repository/login_repos/button_login' is clicked on

2023-12-13 17:43:28 - [MESSAGE][PASSED] - Object: 'Object Repository/login_repos/button_login' is clicked on

2023-12-13 17:43:28 - [TEST_STEP][PASSED] - verifyTextPresent("Tidak valid login atau kata sandi anda.", false): Text 'Tidak valid login atau kata sandi anda.' is present on page 

2023-12-13 17:43:31 - [MESSAGE][PASSED] - Text 'Tidak valid login atau kata sandi anda.' is present on page 

2023-12-13 17:43:31 - [TEST_STEP][PASSED] - closeBrowser(): Browser is closed

2023-12-13 17:43:31 - [MESSAGE][PASSED] - Browser is closed]]></system-out>
         <system-err><![CDATA[]]></system-err>
      </testcase>
      <testcase name="Test Cases/Login/Login_without_entering_email_and_password" time="8.861" classname="Test Cases/Login/Login_without_entering_email_and_password" status="PASSED">
         <system-out><![CDATA[2023-12-13 17:43:31 - [TEST_CASE][PASSED] - Test Cases/Login/Login_without_entering_email_and_password: Test Cases/Login/Login_without_entering_email_and_password

2023-12-13 17:43:31 - [TEST_STEP][PASSED] - openBrowser(""): Browser is opened with url: ''

2023-12-13 17:43:31 - [MESSAGE][INFO] - Starting 'Chrome' driver

2023-12-13 17:43:31 - [MESSAGE][INFO] - User set preference: ['args', '[--disable-notifications]']

2023-12-13 17:43:31 - [MESSAGE][INFO] - Action delay is set to 0 milliseconds

2023-12-13 17:43:31 - [MESSAGE][PASSED] - Browser is opened with url: ''

2023-12-13 17:43:31 - [TEST_STEP][PASSED] - maximizeWindow(): Current window maximized

2023-12-13 17:43:32 - [MESSAGE][PASSED] - Current window maximized

2023-12-13 17:43:32 - [TEST_STEP][PASSED] - navigateToUrl(baseUrl): Navigate to 'https://id.hm.com' successfully

2023-12-13 17:43:35 - [MESSAGE][PASSED] - Navigate to 'https://id.hm.com' successfully

2023-12-13 17:43:35 - [TEST_STEP][PASSED] - click(findTestObject("menu_pages/btnMenu_masuk_akun")): Object: 'Object Repository/menu_pages/btnMenu_masuk_akun' is clicked on

2023-12-13 17:43:37 - [MESSAGE][PASSED] - Object: 'Object Repository/menu_pages/btnMenu_masuk_akun' is clicked on

2023-12-13 17:43:37 - [TEST_STEP][PASSED] - click(findTestObject("login_repos/button_login")): Object: 'Object Repository/login_repos/button_login' is clicked on

2023-12-13 17:43:39 - [MESSAGE][PASSED] - Object: 'Object Repository/login_repos/button_login' is clicked on

2023-12-13 17:43:39 - [TEST_STEP][PASSED] - verifyTextPresent("Masukkan alamat email", false): Text 'Masukkan alamat email' is present on page 

2023-12-13 17:43:39 - [MESSAGE][PASSED] - Text 'Masukkan alamat email' is present on page 

2023-12-13 17:43:39 - [TEST_STEP][PASSED] - verifyTextPresent("Kolom ini wajib diisi", false): Text 'Kolom ini wajib diisi' is present on page 

2023-12-13 17:43:39 - [MESSAGE][PASSED] - Text 'Kolom ini wajib diisi' is present on page 

2023-12-13 17:43:39 - [TEST_STEP][PASSED] - closeBrowser(): Browser is closed

2023-12-13 17:43:40 - [MESSAGE][PASSED] - Browser is closed]]></system-out>
         <system-err><![CDATA[]]></system-err>
      </testcase>
      <testcase name="Test Cases/Login/Login_with_invalid_format_email_1" time="9.577" classname="Test Cases/Login/Login_with_invalid_format_email_1" status="PASSED">
         <system-out><![CDATA[2023-12-13 17:43:40 - [TEST_CASE][PASSED] - Test Cases/Login/Login_with_invalid_format_email_1: Test Cases/Login/Login_with_invalid_format_email_1

2023-12-13 17:43:40 - [TEST_STEP][PASSED] - openBrowser(""): Browser is opened with url: ''

2023-12-13 17:43:40 - [MESSAGE][INFO] - Starting 'Chrome' driver

2023-12-13 17:43:40 - [MESSAGE][INFO] - User set preference: ['args', '[--disable-notifications]']

2023-12-13 17:43:40 - [MESSAGE][INFO] - Action delay is set to 0 milliseconds

2023-12-13 17:43:40 - [MESSAGE][PASSED] - Browser is opened with url: ''

2023-12-13 17:43:40 - [TEST_STEP][PASSED] - maximizeWindow(): Current window maximized

2023-12-13 17:43:40 - [MESSAGE][PASSED] - Current window maximized

2023-12-13 17:43:40 - [TEST_STEP][PASSED] - navigateToUrl(baseUrl): Navigate to 'https://id.hm.com' successfully

2023-12-13 17:43:43 - [MESSAGE][PASSED] - Navigate to 'https://id.hm.com' successfully

2023-12-13 17:43:43 - [TEST_STEP][PASSED] - click(findTestObject("menu_pages/btnMenu_masuk_akun")): Object: 'Object Repository/menu_pages/btnMenu_masuk_akun' is clicked on

2023-12-13 17:43:46 - [MESSAGE][PASSED] - Object: 'Object Repository/menu_pages/btnMenu_masuk_akun' is clicked on

2023-12-13 17:43:46 - [TEST_STEP][PASSED] - setText(findTestObject("login_repos/input_loginUsername"), email_without_dot): Text 'mazway.testing@gmailcom' is set on object 'Object Repository/login_repos/input_loginUsername'

2023-12-13 17:43:47 - [MESSAGE][PASSED] - Text 'mazway.testing@gmailcom' is set on object 'Object Repository/login_repos/input_loginUsername'

2023-12-13 17:43:47 - [TEST_STEP][PASSED] - setText(findTestObject("login_repos/input_loginPassword"), correct_password): Text '@Anakjaman1' is set on object 'Object Repository/login_repos/input_loginPassword'

2023-12-13 17:43:48 - [MESSAGE][PASSED] - Text '@Anakjaman1' is set on object 'Object Repository/login_repos/input_loginPassword'

2023-12-13 17:43:48 - [TEST_STEP][PASSED] - click(findTestObject("login_repos/button_login")): Object: 'Object Repository/login_repos/button_login' is clicked on

2023-12-13 17:43:48 - [MESSAGE][PASSED] - Object: 'Object Repository/login_repos/button_login' is clicked on

2023-12-13 17:43:48 - [TEST_STEP][PASSED] - verifyTextPresent("Masukkan alamat email yang benar", false): Text 'Masukkan alamat email yang benar' is present on page 

2023-12-13 17:43:49 - [MESSAGE][PASSED] - Text 'Masukkan alamat email yang benar' is present on page 

2023-12-13 17:43:49 - [TEST_STEP][PASSED] - closeBrowser(): Browser is closed

2023-12-13 17:43:49 - [MESSAGE][PASSED] - Browser is closed]]></system-out>
         <system-err><![CDATA[]]></system-err>
      </testcase>
      <testcase name="Test Cases/Login/Login_with_invalid_format_email_2" time="10.132" classname="Test Cases/Login/Login_with_invalid_format_email_2" status="PASSED">
         <system-out><![CDATA[2023-12-13 17:43:49 - [TEST_CASE][PASSED] - Test Cases/Login/Login_with_invalid_format_email_2: Test Cases/Login/Login_with_invalid_format_email_2

2023-12-13 17:43:49 - [TEST_STEP][PASSED] - openBrowser(""): Browser is opened with url: ''

2023-12-13 17:43:49 - [MESSAGE][INFO] - Starting 'Chrome' driver

2023-12-13 17:43:49 - [MESSAGE][INFO] - User set preference: ['args', '[--disable-notifications]']

2023-12-13 17:43:49 - [MESSAGE][INFO] - Action delay is set to 0 milliseconds

2023-12-13 17:43:50 - [MESSAGE][PASSED] - Browser is opened with url: ''

2023-12-13 17:43:50 - [TEST_STEP][PASSED] - maximizeWindow(): Current window maximized

2023-12-13 17:43:50 - [MESSAGE][PASSED] - Current window maximized

2023-12-13 17:43:50 - [TEST_STEP][PASSED] - navigateToUrl(baseUrl): Navigate to 'https://id.hm.com' successfully

2023-12-13 17:43:53 - [MESSAGE][PASSED] - Navigate to 'https://id.hm.com' successfully

2023-12-13 17:43:53 - [TEST_STEP][PASSED] - click(findTestObject("menu_pages/btnMenu_masuk_akun")): Object: 'Object Repository/menu_pages/btnMenu_masuk_akun' is clicked on

2023-12-13 17:43:56 - [MESSAGE][PASSED] - Object: 'Object Repository/menu_pages/btnMenu_masuk_akun' is clicked on

2023-12-13 17:43:56 - [TEST_STEP][PASSED] - setText(findTestObject("login_repos/input_loginUsername"), email_without_at): Text 'mazway.testinggmail.com' is set on object 'Object Repository/login_repos/input_loginUsername'

2023-12-13 17:43:58 - [MESSAGE][PASSED] - Text 'mazway.testinggmail.com' is set on object 'Object Repository/login_repos/input_loginUsername'

2023-12-13 17:43:58 - [TEST_STEP][PASSED] - setText(findTestObject("login_repos/input_loginPassword"), correct_password): Text '@Anakjaman1' is set on object 'Object Repository/login_repos/input_loginPassword'

2023-12-13 17:43:58 - [MESSAGE][PASSED] - Text '@Anakjaman1' is set on object 'Object Repository/login_repos/input_loginPassword'

2023-12-13 17:43:58 - [TEST_STEP][PASSED] - click(findTestObject("login_repos/button_login")): Object: 'Object Repository/login_repos/button_login' is clicked on

2023-12-13 17:43:59 - [MESSAGE][PASSED] - Object: 'Object Repository/login_repos/button_login' is clicked on

2023-12-13 17:43:59 - [TEST_STEP][PASSED] - verifyTextPresent("Masukkan alamat email yang benar", false): Text 'Masukkan alamat email yang benar' is present on page 

2023-12-13 17:43:59 - [MESSAGE][PASSED] - Text 'Masukkan alamat email yang benar' is present on page 

2023-12-13 17:43:59 - [TEST_STEP][PASSED] - closeBrowser(): Browser is closed

2023-12-13 17:43:59 - [MESSAGE][PASSED] - Browser is closed]]></system-out>
         <system-err><![CDATA[]]></system-err>
      </testcase>
      <testcase name="Test Cases/Login/Login_with_valid_data" time="15.665" classname="Test Cases/Login/Login_with_valid_data" status="PASSED">
         <system-out><![CDATA[2023-12-13 17:43:59 - [TEST_CASE][PASSED] - Test Cases/Login/Login_with_valid_data: Test Cases/Login/Login_with_valid_data

2023-12-13 17:43:59 - [TEST_STEP][PASSED] - openBrowser(""): Browser is opened with url: ''

2023-12-13 17:43:59 - [MESSAGE][INFO] - Starting 'Chrome' driver

2023-12-13 17:43:59 - [MESSAGE][INFO] - User set preference: ['args', '[--disable-notifications]']

2023-12-13 17:43:59 - [MESSAGE][INFO] - Action delay is set to 0 milliseconds

2023-12-13 17:44:00 - [MESSAGE][PASSED] - Browser is opened with url: ''

2023-12-13 17:44:00 - [TEST_STEP][PASSED] - maximizeWindow(): Current window maximized

2023-12-13 17:44:00 - [MESSAGE][PASSED] - Current window maximized

2023-12-13 17:44:00 - [TEST_STEP][PASSED] - navigateToUrl(baseUrl): Navigate to 'https://id.hm.com' successfully

2023-12-13 17:44:02 - [MESSAGE][PASSED] - Navigate to 'https://id.hm.com' successfully

2023-12-13 17:44:02 - [TEST_STEP][PASSED] - click(findTestObject("menu_pages/btnMenu_masuk_akun")): Object: 'Object Repository/menu_pages/btnMenu_masuk_akun' is clicked on

2023-12-13 17:44:05 - [MESSAGE][PASSED] - Object: 'Object Repository/menu_pages/btnMenu_masuk_akun' is clicked on

2023-12-13 17:44:05 - [TEST_STEP][PASSED] - setText(findTestObject("login_repos/input_loginUsername"), correct_email): Text 'mazway.testing@gmail.com' is set on object 'Object Repository/login_repos/input_loginUsername'

2023-12-13 17:44:06 - [MESSAGE][PASSED] - Text 'mazway.testing@gmail.com' is set on object 'Object Repository/login_repos/input_loginUsername'

2023-12-13 17:44:06 - [TEST_STEP][PASSED] - setText(findTestObject("login_repos/input_loginPassword"), correct_password): Text '@Anakjaman1' is set on object 'Object Repository/login_repos/input_loginPassword'

2023-12-13 17:44:07 - [MESSAGE][PASSED] - Text '@Anakjaman1' is set on object 'Object Repository/login_repos/input_loginPassword'

2023-12-13 17:44:07 - [TEST_STEP][PASSED] - click(findTestObject("login_repos/button_login")): Object: 'Object Repository/login_repos/button_login' is clicked on

2023-12-13 17:44:11 - [MESSAGE][PASSED] - Object: 'Object Repository/login_repos/button_login' is clicked on

2023-12-13 17:44:11 - [TEST_STEP][PASSED] - verifyTextPresent("Data Pribadi", false): Text 'Data Pribadi' is present on page 

2023-12-13 17:44:15 - [MESSAGE][PASSED] - Text 'Data Pribadi' is present on page 

2023-12-13 17:44:15 - [TEST_STEP][PASSED] - closeBrowser(): Browser is closed

2023-12-13 17:44:15 - [MESSAGE][PASSED] - Browser is closed]]></system-out>
         <system-err><![CDATA[]]></system-err>
      </testcase>
      <system-out><![CDATA[2023-12-13 17:42:12 - [TEST_SUITE][PASSED] - Login: Test Cases/Login/Login_with_valid_data]]></system-out>
      <system-err><![CDATA[]]></system-err>
   </testsuite>
</testsuites>
